<?xml version="1.0" encoding="utf-8"?>
<?AutomationStudio Version="4.12.2.93"?>
<Objects>
  <Object
    Path="C:\Users\emili\OneDrive - unibg.it\UNI\Anno III\Automazione Industriale\GitHub\Laboratorio-di-Automazione-Industriale\Ladder\Logical\Package.pkg"
    LogicalPath=""
    Type="Package.ParentUnknown"
    LastWriteTime="133593839505271679" />
  <Object
    Path="C:\Users\emili\OneDrive - unibg.it\UNI\Anno III\Automazione Industriale\GitHub\Laboratorio-di-Automazione-Industriale\Ladder\Logical\Global.typ"
    LogicalPath="Global.typ"
    Type="File"
    LastWriteTime="133593839260825232"
    Private="false" />
  <Object
    Path="C:\Users\emili\OneDrive - unibg.it\UNI\Anno III\Automazione Industriale\GitHub\Laboratorio-di-Automazione-Industriale\Ladder\Logical\Global.var"
    LogicalPath="Global.var"
    Type="File"
    LastWriteTime="133593839260905065"
    Private="false" />
  <Object
    Path="C:\Users\emili\OneDrive - unibg.it\UNI\Anno III\Automazione Industriale\GitHub\Laboratorio-di-Automazione-Industriale\Ladder\Logical\Libraries\Package.pkg"
    LogicalPath="Libraries"
    Type="Package"
    LastWriteTime="133593870641590466" />
  <Object
    Path="C:\Users\emili\OneDrive - unibg.it\UNI\Anno III\Automazione Industriale\GitHub\Laboratorio-di-Automazione-Industriale\Ladder\Logical\Libraries\operator\binary.lby"
    LogicalPath="Libraries.operator"
    Type="Library"
    LastWriteTime="133593839265022806" />
  <Object
    Path="C:\Users\emili\OneDrive - unibg.it\UNI\Anno III\Automazione Industriale\GitHub\Laboratorio-di-Automazione-Industriale\Ladder\Logical\Libraries\operator\operator.fun"
    LogicalPath="Libraries.operator.operator.fun"
    Type="File"
    LastWriteTime="133593839264982799"
    Private="false" />
  <Object
    Path="C:\Users\emili\OneDrive - unibg.it\UNI\Anno III\Automazione Industriale\GitHub\Laboratorio-di-Automazione-Industriale\Ladder\Logical\Libraries\operator\operator.typ"
    LogicalPath="Libraries.operator.operator.typ"
    Type="File"
    LastWriteTime="133593839265002830"
    Private="false" />
  <Object
    Path="C:\Users\emili\OneDrive - unibg.it\UNI\Anno III\Automazione Industriale\GitHub\Laboratorio-di-Automazione-Industriale\Ladder\Logical\Libraries\operator\operator.var"
    LogicalPath="Libraries.operator.operator.var"
    Type="File"
    LastWriteTime="133593839265013239"
    Private="false" />
  <Object
    Path="C:\Users\emili\OneDrive - unibg.it\UNI\Anno III\Automazione Industriale\GitHub\Laboratorio-di-Automazione-Industriale\Ladder\Logical\Libraries\runtime\binary.lby"
    LogicalPath="Libraries.runtime"
    Type="Library"
    LastWriteTime="133593839266717855" />
  <Object
    Path="C:\Users\emili\OneDrive - unibg.it\UNI\Anno III\Automazione Industriale\GitHub\Laboratorio-di-Automazione-Industriale\Ladder\Logical\Libraries\runtime\runtime.fun"
    LogicalPath="Libraries.runtime.runtime.fun"
    Type="File"
    LastWriteTime="133593839266684053"
    Private="false" />
  <Object
    Path="C:\Users\emili\OneDrive - unibg.it\UNI\Anno III\Automazione Industriale\GitHub\Laboratorio-di-Automazione-Industriale\Ladder\Logical\Libraries\runtime\runtime.typ"
    LogicalPath="Libraries.runtime.runtime.typ"
    Type="File"
    LastWriteTime="133593839266703901"
    Private="false" />
  <Object
    Path="C:\Users\emili\OneDrive - unibg.it\UNI\Anno III\Automazione Industriale\GitHub\Laboratorio-di-Automazione-Industriale\Ladder\Logical\Libraries\runtime\runtime.var"
    LogicalPath="Libraries.runtime.runtime.var"
    Type="File"
    LastWriteTime="133593839266717855"
    Private="false" />
  <Object
    Path="C:\Users\emili\OneDrive - unibg.it\UNI\Anno III\Automazione Industriale\GitHub\Laboratorio-di-Automazione-Industriale\Ladder\Logical\Libraries\astime\binary.lby"
    LogicalPath="Libraries.astime"
    Type="Library"
    LastWriteTime="133593839268286859" />
  <Object
    Path="C:\Users\emili\OneDrive - unibg.it\UNI\Anno III\Automazione Industriale\GitHub\Laboratorio-di-Automazione-Industriale\Ladder\Logical\Libraries\astime\astime.fun"
    LogicalPath="Libraries.astime.astime.fun"
    Type="File"
    LastWriteTime="133593839268243606"
    Private="false" />
  <Object
    Path="C:\Users\emili\OneDrive - unibg.it\UNI\Anno III\Automazione Industriale\GitHub\Laboratorio-di-Automazione-Industriale\Ladder\Logical\Libraries\astime\astime.typ"
    LogicalPath="Libraries.astime.astime.typ"
    Type="File"
    LastWriteTime="133593839268273637"
    Private="false" />
  <Object
    Path="C:\Users\emili\OneDrive - unibg.it\UNI\Anno III\Automazione Industriale\GitHub\Laboratorio-di-Automazione-Industriale\Ladder\Logical\Libraries\astime\astime.var"
    LogicalPath="Libraries.astime.astime.var"
    Type="File"
    LastWriteTime="133593839268273637"
    Private="false" />
  <Object
    Path="C:\Users\emili\OneDrive - unibg.it\UNI\Anno III\Automazione Industriale\GitHub\Laboratorio-di-Automazione-Industriale\Ladder\Logical\Libraries\AsIecCon\binary.lby"
    LogicalPath="Libraries.AsIecCon"
    Type="Library"
    LastWriteTime="133593839270076575" />
  <Object
    Path="C:\Users\emili\OneDrive - unibg.it\UNI\Anno III\Automazione Industriale\GitHub\Laboratorio-di-Automazione-Industriale\Ladder\Logical\Libraries\AsIecCon\AsIecCon.fun"
    LogicalPath="Libraries.AsIecCon.AsIecCon.fun"
    Type="File"
    LastWriteTime="133593839270046547"
    Private="false" />
  <Object
    Path="C:\Users\emili\OneDrive - unibg.it\UNI\Anno III\Automazione Industriale\GitHub\Laboratorio-di-Automazione-Industriale\Ladder\Logical\Libraries\AsIecCon\AsIecCon.typ"
    LogicalPath="Libraries.AsIecCon.AsIecCon.typ"
    Type="File"
    LastWriteTime="133593839270056551"
    Private="false" />
  <Object
    Path="C:\Users\emili\OneDrive - unibg.it\UNI\Anno III\Automazione Industriale\GitHub\Laboratorio-di-Automazione-Industriale\Ladder\Logical\Libraries\AsIecCon\AsIecCon.var"
    LogicalPath="Libraries.AsIecCon.AsIecCon.var"
    Type="File"
    LastWriteTime="133593839270076575"
    Private="false" />
  <Object
    Path="C:\Users\emili\OneDrive - unibg.it\UNI\Anno III\Automazione Industriale\GitHub\Laboratorio-di-Automazione-Industriale\Ladder\Logical\Libraries\standard\binary.lby"
    LogicalPath="Libraries.standard"
    Type="Library"
    LastWriteTime="133593870641529776" />
  <Object
    Path="C:\Users\emili\OneDrive - unibg.it\UNI\Anno III\Automazione Industriale\GitHub\Laboratorio-di-Automazione-Industriale\Ladder\Logical\Libraries\standard\standard.fun"
    LogicalPath="Libraries.standard.standard.fun"
    Type="File"
    LastWriteTime="133593870641487449"
    Private="false" />
  <Object
    Path="C:\Users\emili\OneDrive - unibg.it\UNI\Anno III\Automazione Industriale\GitHub\Laboratorio-di-Automazione-Industriale\Ladder\Logical\Libraries\standard\standard.typ"
    LogicalPath="Libraries.standard.standard.typ"
    Type="File"
    LastWriteTime="133593870641507445"
    Private="false" />
  <Object
    Path="C:\Users\emili\OneDrive - unibg.it\UNI\Anno III\Automazione Industriale\GitHub\Laboratorio-di-Automazione-Industriale\Ladder\Logical\Libraries\standard\standard.var"
    LogicalPath="Libraries.standard.standard.var"
    Type="File"
    LastWriteTime="133593870641517434"
    Private="false" />
  <Object
    Path="C:\Users\emili\OneDrive - unibg.it\UNI\Anno III\Automazione Industriale\GitHub\Laboratorio-di-Automazione-Industriale\Ladder\Logical\Program\IEC.prg"
    LogicalPath="Program"
    Type="Program"
    LastWriteTime="133593839505271679" />
  <Object
    Path="C:\Users\emili\OneDrive - unibg.it\UNI\Anno III\Automazione Industriale\GitHub\Laboratorio-di-Automazione-Industriale\Ladder\Logical\Program\Cyclic.ld"
    LogicalPath="Program.Cyclic.ld"
    Type="File"
    LastWriteTime="133594837746898934"
    Private="false" />
  <Object
    Path="C:\Users\emili\OneDrive - unibg.it\UNI\Anno III\Automazione Industriale\GitHub\Laboratorio-di-Automazione-Industriale\Ladder\Logical\Program\Init.ld"
    LogicalPath="Program.Init.ld"
    Type="File"
    LastWriteTime="133593839505227981"
    Private="false" />
  <Object
    Path="C:\Users\emili\OneDrive - unibg.it\UNI\Anno III\Automazione Industriale\GitHub\Laboratorio-di-Automazione-Industriale\Ladder\Logical\Program\Exit.ld"
    LogicalPath="Program.Exit.ld"
    Type="File"
    LastWriteTime="133593839505238038"
    Private="false" />
  <Object
    Path="C:\Users\emili\OneDrive - unibg.it\UNI\Anno III\Automazione Industriale\GitHub\Laboratorio-di-Automazione-Industriale\Ladder\Logical\Program\Types.typ"
    LogicalPath="Program.Types.typ"
    Type="File"
    LastWriteTime="133593839505248039"
    Private="true" />
  <Object
    Path="C:\Users\emili\OneDrive - unibg.it\UNI\Anno III\Automazione Industriale\GitHub\Laboratorio-di-Automazione-Industriale\Ladder\Logical\Program\Variables.var"
    LogicalPath="Program.Variables.var"
    Type="File"
    LastWriteTime="133594840301013083"
    Private="true" />
  <Object
    Path="C:\Users\emili\OneDrive - unibg.it\UNI\Anno III\Automazione Industriale\GitHub\Laboratorio-di-Automazione-Industriale\Ladder\Physical\Config1\Config.pkg"
    LogicalPath="Config1"
    Type="Configuration.ParentUnknown"
    LastWriteTime="133593839303548034" />
  <Object
    Path="C:\Users\emili\OneDrive - unibg.it\UNI\Anno III\Automazione Industriale\GitHub\Laboratorio-di-Automazione-Industriale\Ladder\Physical\Config1\Hardware.hw"
    LogicalPath="Config1.Hardware.hw"
    Type="File"
    LastWriteTime="133594828140826076"
    Private="false" />
  <Object
    Path="C:\Users\emili\OneDrive - unibg.it\UNI\Anno III\Automazione Industriale\GitHub\Laboratorio-di-Automazione-Industriale\Ladder\Physical\Config1\Hardware.hwl"
    LogicalPath="Config1.Hardware.hwl"
    Type="File"
    LastWriteTime="133594715403822379"
    Private="false" />
  <Object
    Path="C:\Users\emili\OneDrive - unibg.it\UNI\Anno III\Automazione Industriale\GitHub\Laboratorio-di-Automazione-Industriale\Ladder\Physical\Config1\X20CP1584\Cpu.pkg"
    LogicalPath="Config1.X20CP1584"
    Type="Cpu"
    LastWriteTime="133594838161527549" />
  <Object
    Path="C:\Users\emili\OneDrive - unibg.it\UNI\Anno III\Automazione Industriale\GitHub\Laboratorio-di-Automazione-Industriale\Ladder\Physical\Config1\X20CP1584\Cpu.sw"
    LogicalPath="Config1.X20CP1584.Cpu.sw"
    Type="File"
    LastWriteTime="133593870642041156"
    Private="false" />
  <Object
    Path="C:\Users\emili\OneDrive - unibg.it\UNI\Anno III\Automazione Industriale\GitHub\Laboratorio-di-Automazione-Industriale\Ladder\Physical\Config1\X20CP1584\Cpu.per"
    LogicalPath="Config1.X20CP1584.Cpu.per"
    Type="File"
    LastWriteTime="133593839274165780"
    Private="false" />
  <Object
    Path="C:\Users\emili\OneDrive - unibg.it\UNI\Anno III\Automazione Industriale\GitHub\Laboratorio-di-Automazione-Industriale\Ladder\Physical\Config1\X20CP1584\IoMap.iom"
    LogicalPath="Config1.X20CP1584.IoMap.iom"
    Type="File"
    LastWriteTime="133593839274286791"
    Private="false" />
  <Object
    Path="C:\Users\emili\OneDrive - unibg.it\UNI\Anno III\Automazione Industriale\GitHub\Laboratorio-di-Automazione-Industriale\Ladder\Physical\Config1\X20CP1584\PvMap.vvm"
    LogicalPath="Config1.X20CP1584.PvMap.vvm"
    Type="File"
    LastWriteTime="133593839274456927"
    Private="false" />
  <Object
    Path="C:\Users\emili\OneDrive - unibg.it\UNI\Anno III\Automazione Industriale\GitHub\Laboratorio-di-Automazione-Industriale\Ladder\Physical\Config1\X20CP1584\Connectivity\Package.pkg"
    LogicalPath="Config1.X20CP1584.Connectivity"
    Type="Package"
    LastWriteTime="133593839274833810" />
  <Object
    Path="C:\Users\emili\OneDrive - unibg.it\UNI\Anno III\Automazione Industriale\GitHub\Laboratorio-di-Automazione-Industriale\Ladder\Physical\Config1\X20CP1584\Connectivity\OpcUA\Package.pkg"
    LogicalPath="Config1.X20CP1584.Connectivity.OpcUA"
    Type="Package"
    LastWriteTime="133593839274813863" />
  <Object
    Path="C:\Users\emili\OneDrive - unibg.it\UNI\Anno III\Automazione Industriale\GitHub\Laboratorio-di-Automazione-Industriale\Ladder\Physical\Config1\X20CP1584\Connectivity\OpcUaFx\Package.pkg"
    LogicalPath="Config1.X20CP1584.Connectivity.OpcUaFx"
    Type="Package"
    LastWriteTime="133593839274823807" />
  <Object
    Path="C:\Users\emili\OneDrive - unibg.it\UNI\Anno III\Automazione Industriale\GitHub\Laboratorio-di-Automazione-Industriale\Ladder\Physical\Config1\X20CP1584\TextSystem\Package.pkg"
    LogicalPath="Config1.X20CP1584.TextSystem"
    Type="Package"
    LastWriteTime="133593839274863807" />
  <Object
    Path="C:\Users\emili\OneDrive - unibg.it\UNI\Anno III\Automazione Industriale\GitHub\Laboratorio-di-Automazione-Industriale\Ladder\Physical\Config1\X20CP1584\UnitSystem\Package.pkg"
    LogicalPath="Config1.X20CP1584.UnitSystem"
    Type="Package"
    LastWriteTime="133593839275053814" />
  <Object
    Path="C:\Users\emili\OneDrive - unibg.it\UNI\Anno III\Automazione Industriale\GitHub\Laboratorio-di-Automazione-Industriale\Ladder\Physical\Config1\X20CP1584\AccessAndSecurity\Package.pkg"
    LogicalPath="Config1.X20CP1584.AccessAndSecurity"
    Type="Package"
    LastWriteTime="133593839275460525" />
  <Object
    Path="C:\Users\emili\OneDrive - unibg.it\UNI\Anno III\Automazione Industriale\GitHub\Laboratorio-di-Automazione-Industriale\Ladder\Physical\Config1\X20CP1584\AccessAndSecurity\UserRoleSystem\Package.pkg"
    LogicalPath="Config1.X20CP1584.AccessAndSecurity.UserRoleSystem"
    Type="Package"
    LastWriteTime="133593839275247365" />
  <Object
    Path="C:\Users\emili\OneDrive - unibg.it\UNI\Anno III\Automazione Industriale\GitHub\Laboratorio-di-Automazione-Industriale\Ladder\Physical\Config1\X20CP1584\AccessAndSecurity\UserRoleSystem\Role.role"
    LogicalPath="Config1.X20CP1584.AccessAndSecurity.UserRoleSystem.Role.role"
    Type="File"
    LastWriteTime="133593839275223817"
    Private="false" />
  <Object
    Path="C:\Users\emili\OneDrive - unibg.it\UNI\Anno III\Automazione Industriale\GitHub\Laboratorio-di-Automazione-Industriale\Ladder\Physical\Config1\X20CP1584\AccessAndSecurity\UserRoleSystem\User.user"
    LogicalPath="Config1.X20CP1584.AccessAndSecurity.UserRoleSystem.User.user"
    Type="File"
    LastWriteTime="133593839275237307"
    Private="false" />
  <Object
    Path="C:\Users\emili\OneDrive - unibg.it\UNI\Anno III\Automazione Industriale\GitHub\Laboratorio-di-Automazione-Industriale\Ladder\Physical\Config1\X20CP1584\AccessAndSecurity\CertificateStore\Package.pkg"
    LogicalPath="Config1.X20CP1584.AccessAndSecurity.CertificateStore"
    Type="Package"
    LastWriteTime="133593839275397379" />
  <Object
    Path="C:\Users\emili\OneDrive - unibg.it\UNI\Anno III\Automazione Industriale\GitHub\Laboratorio-di-Automazione-Industriale\Ladder\Physical\Config1\X20CP1584\AccessAndSecurity\CertificateStore\OwnCertificates\Package.pkg"
    LogicalPath="Config1.X20CP1584.AccessAndSecurity.CertificateStore.OwnCertificates"
    Type="Package"
    LastWriteTime="133593839275322030" />
  <Object
    Path="C:\Users\emili\OneDrive - unibg.it\UNI\Anno III\Automazione Industriale\GitHub\Laboratorio-di-Automazione-Industriale\Ladder\Physical\Config1\X20CP1584\AccessAndSecurity\CertificateStore\OwnCertificates\Certificates\Package.pkg"
    LogicalPath="Config1.X20CP1584.AccessAndSecurity.CertificateStore.OwnCertificates.Certificates"
    Type="Package"
    LastWriteTime="133593839275287367" />
  <Object
    Path="C:\Users\emili\OneDrive - unibg.it\UNI\Anno III\Automazione Industriale\GitHub\Laboratorio-di-Automazione-Industriale\Ladder\Physical\Config1\X20CP1584\AccessAndSecurity\CertificateStore\OwnCertificates\PrivateKeys\Package.pkg"
    LogicalPath="Config1.X20CP1584.AccessAndSecurity.CertificateStore.OwnCertificates.PrivateKeys"
    Type="Package"
    LastWriteTime="133593839275311953" />
  <Object
    Path="C:\Users\emili\OneDrive - unibg.it\UNI\Anno III\Automazione Industriale\GitHub\Laboratorio-di-Automazione-Industriale\Ladder\Physical\Config1\X20CP1584\AccessAndSecurity\CertificateStore\ThirdPartyCertificates\Package.pkg"
    LogicalPath="Config1.X20CP1584.AccessAndSecurity.CertificateStore.ThirdPartyCertificates"
    Type="Package"
    LastWriteTime="133593839275357321" />
  <Object
    Path="C:\Users\emili\OneDrive - unibg.it\UNI\Anno III\Automazione Industriale\GitHub\Laboratorio-di-Automazione-Industriale\Ladder\Physical\Config1\X20CP1584\AccessAndSecurity\CertificateStore\ThirdPartyCertificates\SoftwareCertificates\Package.pkg"
    LogicalPath="Config1.X20CP1584.AccessAndSecurity.CertificateStore.ThirdPartyCertificates.SoftwareCertificates"
    Type="Package"
    LastWriteTime="133593839275357321" />
  <Object
    Path="C:\Users\emili\OneDrive - unibg.it\UNI\Anno III\Automazione Industriale\GitHub\Laboratorio-di-Automazione-Industriale\Ladder\Physical\Config1\X20CP1584\AccessAndSecurity\CertificateStore\CertificateRevocationLists\Package.pkg"
    LogicalPath="Config1.X20CP1584.AccessAndSecurity.CertificateStore.CertificateRevocationLists"
    Type="Package"
    LastWriteTime="133593839275377376" />
  <Object
    Path="C:\Users\emili\OneDrive - unibg.it\UNI\Anno III\Automazione Industriale\GitHub\Laboratorio-di-Automazione-Industriale\Ladder\Physical\Config1\X20CP1584\AccessAndSecurity\CertificateStore\CertificateSigningRequests\Package.pkg"
    LogicalPath="Config1.X20CP1584.AccessAndSecurity.CertificateStore.CertificateSigningRequests"
    Type="Package"
    LastWriteTime="133593839275397379" />
  <Object
    Path="C:\Users\emili\OneDrive - unibg.it\UNI\Anno III\Automazione Industriale\GitHub\Laboratorio-di-Automazione-Industriale\Ladder\Physical\Config1\X20CP1584\AccessAndSecurity\TransportLayerSecurity\Package.pkg"
    LogicalPath="Config1.X20CP1584.AccessAndSecurity.TransportLayerSecurity"
    Type="Package"
    LastWriteTime="133593839275419385" />
  <Object
    Path="C:\Users\emili\OneDrive - unibg.it\UNI\Anno III\Automazione Industriale\GitHub\Laboratorio-di-Automazione-Industriale\Ladder\Physical\Config1\X20CP1584\AccessAndSecurity\Firewall\Package.pkg"
    LogicalPath="Config1.X20CP1584.AccessAndSecurity.Firewall"
    Type="Package"
    LastWriteTime="133593839275460525" />
  <Object
    Path="C:\Users\emili\OneDrive - unibg.it\UNI\Anno III\Automazione Industriale\GitHub\Laboratorio-di-Automazione-Industriale\Ladder\Physical\Config1\X20CP1584\AccessAndSecurity\Firewall\Rules.firewallRules"
    LogicalPath="Config1.X20CP1584.AccessAndSecurity.Firewall.Rules.firewallRules"
    Type="File"
    LastWriteTime="133593839275449942"
    Private="false" />
  <Object
    Path="C:\Users\emili\OneDrive - unibg.it\UNI\Anno III\Automazione Industriale\GitHub\Laboratorio-di-Automazione-Industriale\Ladder\Physical\Config1\X20CP1584\mappControl\Package.pkg"
    LogicalPath="Config1.X20CP1584.mappControl"
    Type="Package"
    LastWriteTime="133593839275490596" />
  <Object
    Path="C:\Users\emili\OneDrive - unibg.it\UNI\Anno III\Automazione Industriale\GitHub\Laboratorio-di-Automazione-Industriale\Ladder\Physical\Config1\X20CP1584\mappMotion\Package.pkg"
    LogicalPath="Config1.X20CP1584.mappMotion"
    Type="Package"
    LastWriteTime="133593839275522967" />
  <Object
    Path="C:\Users\emili\OneDrive - unibg.it\UNI\Anno III\Automazione Industriale\GitHub\Laboratorio-di-Automazione-Industriale\Ladder\Physical\Config1\X20CP1584\mappServices\Package.pkg"
    LogicalPath="Config1.X20CP1584.mappServices"
    Type="Package"
    LastWriteTime="133593839275546494" />
  <Object
    Path="C:\Users\emili\OneDrive - unibg.it\UNI\Anno III\Automazione Industriale\GitHub\Laboratorio-di-Automazione-Industriale\Ladder\Physical\Config1\X20CP1584\mappSafety\Package.pkg"
    LogicalPath="Config1.X20CP1584.mappSafety"
    Type="Package"
    LastWriteTime="133593839275619965" />
  <Object
    Path="C:\Users\emili\OneDrive - unibg.it\UNI\Anno III\Automazione Industriale\GitHub\Laboratorio-di-Automazione-Industriale\Ladder\Physical\Config1\X20CP1584\mappSafety\SafeApplication\Package.pkg"
    LogicalPath="Config1.X20CP1584.mappSafety.SafeApplication"
    Type="Package"
    LastWriteTime="133593839275596440" />
  <Object
    Path="C:\Users\emili\OneDrive - unibg.it\UNI\Anno III\Automazione Industriale\GitHub\Laboratorio-di-Automazione-Industriale\Ladder\Physical\Config1\X20CP1584\mappSafety\SafeCommissioning\Package.pkg"
    LogicalPath="Config1.X20CP1584.mappSafety.SafeCommissioning"
    Type="Package"
    LastWriteTime="133593839275608756" />
  <Object
    Path="C:\Users\emili\OneDrive - unibg.it\UNI\Anno III\Automazione Industriale\GitHub\Laboratorio-di-Automazione-Industriale\Ladder\Physical\Config1\X20CP1584\mappView\Package.pkg"
    LogicalPath="Config1.X20CP1584.mappView"
    Type="Package"
    LastWriteTime="133593839275643943" />
  <Object
    Path="C:\Users\emili\OneDrive - unibg.it\UNI\Anno III\Automazione Industriale\GitHub\Laboratorio-di-Automazione-Industriale\Ladder\Physical\Config1\X20CP1584\mappVision\Package.pkg"
    LogicalPath="Config1.X20CP1584.mappVision"
    Type="Package"
    LastWriteTime="133593839275675115" />
  <Object
    Path="C:\Users\emili\OneDrive - unibg.it\UNI\Anno III\Automazione Industriale\GitHub\Laboratorio-di-Automazione-Industriale\Ladder\Physical\Config1\X20CP1584\mappCockpit\Package.pkg"
    LogicalPath="Config1.X20CP1584.mappCockpit"
    Type="Package"
    LastWriteTime="133593839275822272" />
  <Object
    Path="C:\Users\emili\OneDrive - unibg.it\UNI\Anno III\Automazione Industriale\GitHub\Laboratorio-di-Automazione-Industriale\Ladder\Physical\Config1\Hardware.jpg"
    LogicalPath="Config1.Hardware.jpg"
    Type="File"
    LastWriteTime="133594715404156477"
    Private="false" />
</Objects>