This is pdfTeX, Version 3.141592653-2.6-1.40.25 (TeX Live 2023) (preloaded format=pdflatex 2023.11.19)  6 MAY 2024 19:37
entering extended mode
 restricted \write18 enabled.
 file:line:error style messages enabled.
 %&-line parsing enabled.
**"c:/Users/emili/OneDrive - unibg.it/UNI/Anno III/Automazione Industriale/GitHub/Laboratorio-di-Automazione-Industriale/Documentazione/Ladder/Ladder.tex"
(c:/Users/emili/OneDrive - unibg.it/UNI/Anno III/Automazione Industriale/GitHub/Laboratorio-di-Automazione-Industriale/Documentazione/Ladder/Ladder.tex
LaTeX2e <2023-11-01>
L3 programming layer <2023-11-09>
(c:/texlive/2023/texmf-dist/tex/latex/base/article.cls
Document Class: article 2023/05/17 v1.4n Standard LaTeX document class
(c:/texlive/2023/texmf-dist/tex/latex/base/size10.clo
File: size10.clo 2023/05/17 v1.4n Standard LaTeX file (size option)
)
\c@part=\count186
\c@section=\count187
\c@subsection=\count188
\c@subsubsection=\count189
\c@paragraph=\count190
\c@subparagraph=\count191
\c@figure=\count192
\c@table=\count193
\abovecaptionskip=\skip48
\belowcaptionskip=\skip49
\bibindent=\dimen140
) (c:/texlive/2023/texmf-dist/tex/latex/tools/tabularx.sty
Package: tabularx 2023/07/08 v2.11c `tabularx' package (DPC)
 (c:/texlive/2023/texmf-dist/tex/latex/tools/array.sty
Package: array 2023/10/16 v2.5g Tabular extension package (FMi)
\col@sep=\dimen141
\ar@mcellbox=\box51
\extrarowheight=\dimen142
\NC@list=\toks17
\extratabsurround=\skip50
\backup@length=\skip51
\ar@cellbox=\box52
)
\TX@col@width=\dimen143
\TX@old@table=\dimen144
\TX@old@col=\dimen145
\TX@target=\dimen146
\TX@delta=\dimen147
\TX@cols=\count194
\TX@ftn=\toks18
) (c:/texlive/2023/texmf-dist/tex/latex/booktabs/booktabs.sty
Package: booktabs 2020/01/12 v1.61803398 Publication quality tables
\heavyrulewidth=\dimen148
\lightrulewidth=\dimen149
\cmidrulewidth=\dimen150
\belowrulesep=\dimen151
\belowbottomsep=\dimen152
\aboverulesep=\dimen153
\abovetopsep=\dimen154
\cmidrulesep=\dimen155
\cmidrulekern=\dimen156
\defaultaddspace=\dimen157
\@cmidla=\count195
\@cmidlb=\count196
\@aboverulesep=\dimen158
\@belowrulesep=\dimen159
\@thisruleclass=\count197
\@lastruleclass=\count198
\@thisrulewidth=\dimen160
) (c:/texlive/2023/texmf-dist/tex/latex/graphics/graphicx.sty
Package: graphicx 2021/09/16 v1.2d Enhanced LaTeX Graphics (DPC,SPQR)
 (c:/texlive/2023/texmf-dist/tex/latex/graphics/keyval.sty
Package: keyval 2022/05/29 v1.15 key=value parser (DPC)
\KV@toks@=\toks19
) (c:/texlive/2023/texmf-dist/tex/latex/graphics/graphics.sty
Package: graphics 2022/03/10 v1.4e Standard LaTeX Graphics (DPC,SPQR)
 (c:/texlive/2023/texmf-dist/tex/latex/graphics/trig.sty
Package: trig 2021/08/11 v1.11 sin cos tan (DPC)
) (c:/texlive/2023/texmf-dist/tex/latex/graphics-cfg/graphics.cfg
File: graphics.cfg 2016/06/04 v1.11 sample graphics configuration
)
Package graphics Info: Driver file: pdftex.def on input line 107.
 (c:/texlive/2023/texmf-dist/tex/latex/graphics-def/pdftex.def
File: pdftex.def 2022/09/22 v1.2b Graphics/color driver for pdftex
))
\Gin@req@height=\dimen161
\Gin@req@width=\dimen162
) (c:/texlive/2023/texmf-dist/tex/latex/pdfpages/pdfpages.sty
Package: pdfpages 2022/12/19 v0.5x Insert pages of external PDF documents (AM)
 (c:/texlive/2023/texmf-dist/tex/latex/base/ifthen.sty
Package: ifthen 2022/04/13 v1.1d Standard LaTeX ifthen package (DPC)
) (c:/texlive/2023/texmf-dist/tex/latex/tools/calc.sty
Package: calc 2023/07/08 v4.3 Infix arithmetic (KKT,FJ)
\calc@Acount=\count199
\calc@Bcount=\count266
\calc@Adimen=\dimen163
\calc@Bdimen=\dimen164
\calc@Askip=\skip52
\calc@Bskip=\skip53
LaTeX Info: Redefining \setlength on input line 80.
LaTeX Info: Redefining \addtolength on input line 81.
\calc@Ccount=\count267
\calc@Cskip=\skip54
) (c:/texlive/2023/texmf-dist/tex/latex/eso-pic/eso-pic.sty
Package: eso-pic 2023/05/03 v3.0c eso-pic (RN)
\ESO@tempdima=\dimen165
\ESO@tempdimb=\dimen166
 (c:/texlive/2023/texmf-dist/tex/latex/xcolor/xcolor.sty
Package: xcolor 2023/11/15 v3.01 LaTeX color extensions (UK)
 (c:/texlive/2023/texmf-dist/tex/latex/graphics-cfg/color.cfg
File: color.cfg 2016/01/02 v1.6 sample color configuration
)
Package xcolor Info: Driver file: pdftex.def on input line 274.
 (c:/texlive/2023/texmf-dist/tex/latex/graphics/mathcolor.ltx)
Package xcolor Info: Model `cmy' substituted by `cmy0' on input line 1350.
Package xcolor Info: Model `hsb' substituted by `rgb' on input line 1354.
Package xcolor Info: Model `RGB' extended on input line 1366.
Package xcolor Info: Model `HTML' substituted by `rgb' on input line 1368.
Package xcolor Info: Model `Hsb' substituted by `hsb' on input line 1369.
Package xcolor Info: Model `tHsb' substituted by `hsb' on input line 1370.
Package xcolor Info: Model `HSB' substituted by `hsb' on input line 1371.
Package xcolor Info: Model `Gray' substituted by `gray' on input line 1372.
Package xcolor Info: Model `wave' substituted by `hsb' on input line 1373.
))
\AM@pagewidth=\dimen167
\AM@pageheight=\dimen168
\AM@fboxrule=\dimen169
 (c:/texlive/2023/texmf-dist/tex/latex/pdfpages/pppdftex.def
File: pppdftex.def 2022/12/19 v0.5x Pdfpages driver for pdfTeX (AM)
)
\pdfpages@includegraphics@status=\count268
\AM@pagebox=\box53
\AM@global@opts=\toks20
\AM@pagecnt=\count269
\AM@toc@title=\toks21
\AM@lof@heading=\toks22
\c@AM@survey=\count270
\AM@templatesizebox=\box54
) (c:/texlive/2023/texmf-dist/tex/latex/l3backend/l3backend-pdftex.def
File: l3backend-pdftex.def 2023-11-09 L3 backend support: PDF output (pdfTeX)
\l__color_backend_stack_int=\count271
\l__pdf_internal_box=\box55
) (./Ladder.aux)
\openout1 = `Ladder.aux'.

LaTeX Font Info:    Checking defaults for OML/cmm/m/it on input line 11.
LaTeX Font Info:    ... okay on input line 11.
LaTeX Font Info:    Checking defaults for OMS/cmsy/m/n on input line 11.
LaTeX Font Info:    ... okay on input line 11.
LaTeX Font Info:    Checking defaults for OT1/cmr/m/n on input line 11.
LaTeX Font Info:    ... okay on input line 11.
LaTeX Font Info:    Checking defaults for T1/cmr/m/n on input line 11.
LaTeX Font Info:    ... okay on input line 11.
LaTeX Font Info:    Checking defaults for TS1/cmr/m/n on input line 11.
LaTeX Font Info:    ... okay on input line 11.
LaTeX Font Info:    Checking defaults for OMX/cmex/m/n on input line 11.
LaTeX Font Info:    ... okay on input line 11.
LaTeX Font Info:    Checking defaults for U/cmr/m/n on input line 11.
LaTeX Font Info:    ... okay on input line 11.
 (c:/texlive/2023/texmf-dist/tex/context/base/mkii/supp-pdf.mkii
[Loading MPS to PDF converter (version 2006.09.02).]
\scratchcounter=\count272
\scratchdimen=\dimen170
\scratchbox=\box56
\nofMPsegments=\count273
\nofMParguments=\count274
\everyMPshowfont=\toks23
\MPscratchCnt=\count275
\MPscratchDim=\dimen171
\MPnumerator=\count276
\makeMPintoPDFobject=\count277
\everyMPtoPDFconversion=\toks24
) (c:/texlive/2023/texmf-dist/tex/latex/epstopdf-pkg/epstopdf-base.sty
Package: epstopdf-base 2020-01-24 v2.11 Base part for package epstopdf
Package epstopdf-base Info: Redefining graphics rule for `.eps' on input line 485.
 (c:/texlive/2023/texmf-dist/tex/latex/latexconfig/epstopdf-sys.cfg
File: epstopdf-sys.cfg 2010/07/13 v1.3 Configuration of (r)epstopdf for TeX Live
)) (c:/texlive/2023/texmf-dist/tex/latex/pdflscape/pdflscape.sty
Package: pdflscape 2022-10-27 v0.13 Display of landscape pages in PDF
 (c:/texlive/2023/texmf-dist/tex/latex/pdflscape/pdflscape-nometadata.sty
Package: pdflscape-nometadata 2022-10-28 v0.13 Display of landscape pages in PDF (HO)
 (c:/texlive/2023/texmf-dist/tex/generic/iftex/iftex.sty
Package: iftex 2022/02/03 v1.0f TeX engine tests
) (c:/texlive/2023/texmf-dist/tex/latex/graphics/lscape.sty
Package: lscape 2020/05/28 v3.02 Landscape Pages (DPC)
)
Package pdflscape Info: Auto-detected driver: pdftex on input line 81.
)) (./Ladder.toc
LaTeX Font Info:    External font `cmex10' loaded for size
(Font)              <7> on input line 3.
LaTeX Font Info:    External font `cmex10' loaded for size
(Font)              <5> on input line 3.
)
\tf@toc=\write3
\openout3 = `Ladder.toc'.

<schematico.png, id=1, 767.86874pt x 307.1475pt>
File: schematico.png Graphic file (type png)
<use schematico.png>
Package pdftex.def Info: schematico.png  used on input line 19.
(pdftex.def)             Requested size: 276.00105pt x 110.3996pt.

Underfull \hbox (badness 10000) in paragraph at lines 24--26

 []


Underfull \hbox (badness 10000) in paragraph at lines 27--29

 []


Underfull \hbox (badness 10000) in paragraph at lines 30--32

 []

[1

{c:/texlive/2023/texmf-var/fonts/map/pdftex/updmap/pdftex.map} <./schematico.png>]
Overfull \hbox (19.53778pt too wide) in paragraph at lines 45--64
 [] 
 []


Overfull \hbox (27.57295pt too wide) in paragraph at lines 69--93
 [] 
 []


Overfull \hbox (52.41673pt too wide) in paragraph at lines 97--123
 [] 
 []

[2{c:/texlive/2023/texmf-dist/fonts/enc/dvips/cm-super/cm-super-ts1.enc}]
<Diagramma_Stati.png, id=17, 1054.94125pt x 452.69125pt>
File: Diagramma_Stati.png Graphic file (type png)
<use Diagramma_Stati.png>
Package pdftex.def Info: Diagramma_Stati.png  used on input line 128.
(pdftex.def)             Requested size: 276.00105pt x 118.43605pt.

Underfull \hbox (badness 10000) in paragraph at lines 133--135

 []

[3 <./Diagramma_Stati.png>]

pdfTeX warning: pdflatex.exe (file ./ProgrammaLadder.pdf): PDF inclusion: found PDF version <1.7>, but at most version <1.5> allowed
<ProgrammaLadder.pdf, id=23, 845.07724pt x 1194.98447pt>
File: ProgrammaLadder.pdf Graphic file (type pdf)
<use ProgrammaLadder.pdf>
Package pdftex.def Info: ProgrammaLadder.pdf  used on input line 146.
(pdftex.def)             Requested size: 845.07518pt x 1194.98155pt.


pdfTeX warning: pdflatex.exe (file ./ProgrammaLadder.pdf): PDF inclusion: found PDF version <1.7>, but at most version <1.5> allowed
File: ProgrammaLadder.pdf Graphic file (type pdf)
<use ProgrammaLadder.pdf>
Package pdftex.def Info: ProgrammaLadder.pdf  used on input line 146.
(pdftex.def)             Requested size: 845.07518pt x 1194.98155pt.


pdfTeX warning: pdflatex.exe (file ./ProgrammaLadder.pdf): PDF inclusion: found PDF version <1.7>, but at most version <1.5> allowed


pdfTeX warning: pdflatex.exe (file ./ProgrammaLadder.pdf): PDF inclusion: found PDF version <1.7>, but at most version <1.5> allowed
<ProgrammaLadder.pdf, id=26, page=1, 845.07724pt x 1194.98447pt>
File: ProgrammaLadder.pdf Graphic file (type pdf)
<use ProgrammaLadder.pdf, page 1>
Package pdftex.def Info: ProgrammaLadder.pdf , page1 used on input line 146.
(pdftex.def)             Requested size: 845.07518pt x 1194.98155pt.
File: ProgrammaLadder.pdf Graphic file (type pdf)
<use ProgrammaLadder.pdf, page 1>
Package pdftex.def Info: ProgrammaLadder.pdf , page1 used on input line 146.
(pdftex.def)             Requested size: 562.65274pt x 795.62111pt.
[4]
File: ProgrammaLadder.pdf Graphic file (type pdf)
<use ProgrammaLadder.pdf, page 1>
Package pdftex.def Info: ProgrammaLadder.pdf , page1 used on input line 146.
(pdftex.def)             Requested size: 562.65274pt x 795.62111pt.
File: ProgrammaLadder.pdf Graphic file (type pdf)
<use ProgrammaLadder.pdf, page 1>
Package pdftex.def Info: ProgrammaLadder.pdf , page1 used on input line 146.
(pdftex.def)             Requested size: 562.65274pt x 795.62111pt.
File: ProgrammaLadder.pdf Graphic file (type pdf)
<use ProgrammaLadder.pdf, page 1>
Package pdftex.def Info: ProgrammaLadder.pdf , page1 used on input line 146.
(pdftex.def)             Requested size: 562.65274pt x 795.62111pt.
 [5 <./ProgrammaLadder.pdf>]

pdfTeX warning: pdflatex.exe (file ./ProgrammaLadder.pdf): PDF inclusion: found PDF version <1.7>, but at most version <1.5> allowed
<ProgrammaLadder.pdf, id=42, page=2, 845.07724pt x 1194.98447pt>
File: ProgrammaLadder.pdf Graphic file (type pdf)
<use ProgrammaLadder.pdf, page 2>
Package pdftex.def Info: ProgrammaLadder.pdf , page2 used on input line 146.
(pdftex.def)             Requested size: 562.65274pt x 795.62111pt.
File: ProgrammaLadder.pdf Graphic file (type pdf)
<use ProgrammaLadder.pdf, page 2>
Package pdftex.def Info: ProgrammaLadder.pdf , page2 used on input line 146.
(pdftex.def)             Requested size: 562.65274pt x 795.62111pt.
File: ProgrammaLadder.pdf Graphic file (type pdf)
<use ProgrammaLadder.pdf, page 2>
Package pdftex.def Info: ProgrammaLadder.pdf , page2 used on input line 146.
(pdftex.def)             Requested size: 562.65274pt x 795.62111pt.
[6 <./ProgrammaLadder.pdf>] (./Ladder.aux)
 ***********
LaTeX2e <2023-11-01>
L3 programming layer <2023-11-09>
 ***********
 ) 
Here is how much of TeX's memory you used:
 2966 strings out of 474267
 48308 string characters out of 5751470
 1935558 words of memory out of 5000000
 25163 multiletter control sequences out of 15000+600000
 560268 words of font info for 43 fonts, out of 8000000 for 9000
 1141 hyphenation exceptions out of 8191
 68i,17n,79p,881b,428s stack positions out of 10000i,1000n,20000p,200000b,200000s
<c:/texlive/2023/texmf-dist/fonts/type1/public/amsfonts/cm/cmbx10.pfb><c:/texlive/2023/texmf-dist/fonts/type1/public/amsfonts/cm/cmbx12.pfb><c:/texlive/2023/texmf-dist/fonts/type1/public/amsfonts/cm/cmmi10.pfb><c:/texlive/2023/texmf-dist/fonts/type1/public/amsfonts/cm/cmr10.pfb><c:/texlive/2023/texmf-dist/fonts/type1/public/amsfonts/cm/cmti10.pfb><c:/texlive/2023/texmf-dist/fonts/type1/public/cm-super/sfrm1000.pfb>
Output written on Ladder.pdf (6 pages, 212842 bytes).
PDF statistics:
 73 PDF objects out of 1000 (max. 8388607)
 41 compressed objects within 1 object stream
 0 named destinations out of 1000 (max. 500000)
 36 words of extra memory for PDF output out of 10000 (max. 10000000)

