<?xml version="1.0" encoding="utf-8"?>
<?AutomationStudio Version="4.12.2.93"?>
<Objects>
  <Object
    Path="C:\projects\SFC\Logical\Package.pkg"
    LogicalPath=""
    Type="Package.ParentUnknown"
    LastWriteTime="133599030577513224" />
  <Object
    Path="C:\projects\SFC\Logical\Global.typ"
    LogicalPath="Global.typ"
    Type="File"
    LastWriteTime="133599030371071145"
    Private="false" />
  <Object
    Path="C:\projects\SFC\Logical\Global.var"
    LogicalPath="Global.var"
    Type="File"
    LastWriteTime="133599030371221406"
    Private="false" />
  <Object
    Path="C:\projects\SFC\Logical\Libraries\Package.pkg"
    LogicalPath="Libraries"
    Type="Package"
    LastWriteTime="133599030407444738" />
  <Object
    Path="C:\projects\SFC\Logical\Libraries\operator\binary.lby"
    LogicalPath="Libraries.operator"
    Type="Library"
    LastWriteTime="133599030400031650" />
  <Object
    Path="C:\projects\SFC\Logical\Libraries\operator\operator.fun"
    LogicalPath="Libraries.operator.operator.fun"
    Type="File"
    LastWriteTime="133599030399953146"
    Private="false" />
  <Object
    Path="C:\projects\SFC\Logical\Libraries\operator\operator.typ"
    LogicalPath="Libraries.operator.operator.typ"
    Type="File"
    LastWriteTime="133599030400008841"
    Private="false" />
  <Object
    Path="C:\projects\SFC\Logical\Libraries\operator\operator.var"
    LogicalPath="Libraries.operator.operator.var"
    Type="File"
    LastWriteTime="133599030400021652"
    Private="false" />
  <Object
    Path="C:\projects\SFC\Logical\Libraries\runtime\binary.lby"
    LogicalPath="Libraries.runtime"
    Type="Library"
    LastWriteTime="133599030402264065" />
  <Object
    Path="C:\projects\SFC\Logical\Libraries\runtime\runtime.fun"
    LogicalPath="Libraries.runtime.runtime.fun"
    Type="File"
    LastWriteTime="133599030402228066"
    Private="false" />
  <Object
    Path="C:\projects\SFC\Logical\Libraries\runtime\runtime.typ"
    LogicalPath="Libraries.runtime.runtime.typ"
    Type="File"
    LastWriteTime="133599030402237989"
    Private="false" />
  <Object
    Path="C:\projects\SFC\Logical\Libraries\runtime\runtime.var"
    LogicalPath="Libraries.runtime.runtime.var"
    Type="File"
    LastWriteTime="133599030402264065"
    Private="false" />
  <Object
    Path="C:\projects\SFC\Logical\Libraries\astime\binary.lby"
    LogicalPath="Libraries.astime"
    Type="Library"
    LastWriteTime="133599030405058230" />
  <Object
    Path="C:\projects\SFC\Logical\Libraries\astime\astime.fun"
    LogicalPath="Libraries.astime.astime.fun"
    Type="File"
    LastWriteTime="133599030405018520"
    Private="false" />
  <Object
    Path="C:\projects\SFC\Logical\Libraries\astime\astime.typ"
    LogicalPath="Libraries.astime.astime.typ"
    Type="File"
    LastWriteTime="133599030405028310"
    Private="false" />
  <Object
    Path="C:\projects\SFC\Logical\Libraries\astime\astime.var"
    LogicalPath="Libraries.astime.astime.var"
    Type="File"
    LastWriteTime="133599030405047377"
    Private="false" />
  <Object
    Path="C:\projects\SFC\Logical\Libraries\AsIecCon\binary.lby"
    LogicalPath="Libraries.AsIecCon"
    Type="Library"
    LastWriteTime="133599030407385703" />
  <Object
    Path="C:\projects\SFC\Logical\Libraries\AsIecCon\AsIecCon.fun"
    LogicalPath="Libraries.AsIecCon.AsIecCon.fun"
    Type="File"
    LastWriteTime="133599030407361379"
    Private="false" />
  <Object
    Path="C:\projects\SFC\Logical\Libraries\AsIecCon\AsIecCon.typ"
    LogicalPath="Libraries.AsIecCon.AsIecCon.typ"
    Type="File"
    LastWriteTime="133599030407375708"
    Private="false" />
  <Object
    Path="C:\projects\SFC\Logical\Libraries\AsIecCon\AsIecCon.var"
    LogicalPath="Libraries.AsIecCon.AsIecCon.var"
    Type="File"
    LastWriteTime="133599030407385703"
    Private="false" />
  <Object
    Path="C:\projects\SFC\Logical\Program\IEC.prg"
    LogicalPath="Program"
    Type="Program"
    LastWriteTime="133599030577503259" />
  <Object
    Path="C:\projects\SFC\Logical\Program\Cyclic.sfc"
    LogicalPath="Program.Cyclic.sfc"
    Type="File"
    LastWriteTime="133605064998848465"
    Private="false" />
  <Object
    Path="C:\projects\SFC\Logical\Program\Types.typ"
    LogicalPath="Program.Types.typ"
    Type="File"
    LastWriteTime="133599030577483325"
    Private="true" />
  <Object
    Path="C:\projects\SFC\Logical\Program\Variables.var"
    LogicalPath="Program.Variables.var"
    Type="File"
    LastWriteTime="133599090812294463"
    Private="true" />
  <Object
    Path="C:\projects\SFC\Physical\Config1\Config.pkg"
    LogicalPath="Config1"
    Type="Configuration.ParentUnknown"
    LastWriteTime="133599030451455246" />
  <Object
    Path="C:\projects\SFC\Physical\Config1\Hardware.hw"
    LogicalPath="Config1.Hardware.hw"
    Type="File"
    LastWriteTime="133599079440567214"
    Private="false" />
  <Object
    Path="C:\projects\SFC\Physical\Config1\Hardware.hwl"
    LogicalPath="Config1.Hardware.hwl"
    Type="File"
    LastWriteTime="133599056232911922"
    Private="false" />
  <Object
    Path="C:\projects\SFC\Physical\Config1\X20CP1584\Cpu.pkg"
    LogicalPath="Config1.X20CP1584"
    Type="Cpu"
    LastWriteTime="133605064687016813" />
  <Object
    Path="C:\projects\SFC\Physical\Config1\X20CP1584\Cpu.sw"
    LogicalPath="Config1.X20CP1584.Cpu.sw"
    Type="File"
    LastWriteTime="133599030586831810"
    Private="false" />
  <Object
    Path="C:\projects\SFC\Physical\Config1\X20CP1584\Cpu.per"
    LogicalPath="Config1.X20CP1584.Cpu.per"
    Type="File"
    LastWriteTime="133599030414102921"
    Private="false" />
  <Object
    Path="C:\projects\SFC\Physical\Config1\X20CP1584\IoMap.iom"
    LogicalPath="Config1.X20CP1584.IoMap.iom"
    Type="File"
    LastWriteTime="133599030414315656"
    Private="false" />
  <Object
    Path="C:\projects\SFC\Physical\Config1\X20CP1584\PvMap.vvm"
    LogicalPath="Config1.X20CP1584.PvMap.vvm"
    Type="File"
    LastWriteTime="133599030414580748"
    Private="false" />
  <Object
    Path="C:\projects\SFC\Physical\Config1\X20CP1584\Connectivity\Package.pkg"
    LogicalPath="Config1.X20CP1584.Connectivity"
    Type="Package"
    LastWriteTime="133599030415152177" />
  <Object
    Path="C:\projects\SFC\Physical\Config1\X20CP1584\Connectivity\OpcUA\Package.pkg"
    LogicalPath="Config1.X20CP1584.Connectivity.OpcUA"
    Type="Package"
    LastWriteTime="133599030415132120" />
  <Object
    Path="C:\projects\SFC\Physical\Config1\X20CP1584\Connectivity\OpcUaFx\Package.pkg"
    LogicalPath="Config1.X20CP1584.Connectivity.OpcUaFx"
    Type="Package"
    LastWriteTime="133599030415152177" />
  <Object
    Path="C:\projects\SFC\Physical\Config1\X20CP1584\TextSystem\Package.pkg"
    LogicalPath="Config1.X20CP1584.TextSystem"
    Type="Package"
    LastWriteTime="133599030415190986" />
  <Object
    Path="C:\projects\SFC\Physical\Config1\X20CP1584\UnitSystem\Package.pkg"
    LogicalPath="Config1.X20CP1584.UnitSystem"
    Type="Package"
    LastWriteTime="133599030415511788" />
  <Object
    Path="C:\projects\SFC\Physical\Config1\X20CP1584\AccessAndSecurity\Package.pkg"
    LogicalPath="Config1.X20CP1584.AccessAndSecurity"
    Type="Package"
    LastWriteTime="133599030416182537" />
  <Object
    Path="C:\projects\SFC\Physical\Config1\X20CP1584\AccessAndSecurity\UserRoleSystem\Package.pkg"
    LogicalPath="Config1.X20CP1584.AccessAndSecurity.UserRoleSystem"
    Type="Package"
    LastWriteTime="133599030415868167" />
  <Object
    Path="C:\projects\SFC\Physical\Config1\X20CP1584\AccessAndSecurity\UserRoleSystem\Role.role"
    LogicalPath="Config1.X20CP1584.AccessAndSecurity.UserRoleSystem.Role.role"
    Type="File"
    LastWriteTime="133599030415835878"
    Private="false" />
  <Object
    Path="C:\projects\SFC\Physical\Config1\X20CP1584\AccessAndSecurity\UserRoleSystem\User.user"
    LogicalPath="Config1.X20CP1584.AccessAndSecurity.UserRoleSystem.User.user"
    Type="File"
    LastWriteTime="133599030415858265"
    Private="false" />
  <Object
    Path="C:\projects\SFC\Physical\Config1\X20CP1584\AccessAndSecurity\CertificateStore\Package.pkg"
    LogicalPath="Config1.X20CP1584.AccessAndSecurity.CertificateStore"
    Type="Package"
    LastWriteTime="133599030416092579" />
  <Object
    Path="C:\projects\SFC\Physical\Config1\X20CP1584\AccessAndSecurity\CertificateStore\OwnCertificates\Package.pkg"
    LogicalPath="Config1.X20CP1584.AccessAndSecurity.CertificateStore.OwnCertificates"
    Type="Package"
    LastWriteTime="133599030415953899" />
  <Object
    Path="C:\projects\SFC\Physical\Config1\X20CP1584\AccessAndSecurity\CertificateStore\OwnCertificates\Certificates\Package.pkg"
    LogicalPath="Config1.X20CP1584.AccessAndSecurity.CertificateStore.OwnCertificates.Certificates"
    Type="Package"
    LastWriteTime="133599030415920828" />
  <Object
    Path="C:\projects\SFC\Physical\Config1\X20CP1584\AccessAndSecurity\CertificateStore\OwnCertificates\PrivateKeys\Package.pkg"
    LogicalPath="Config1.X20CP1584.AccessAndSecurity.CertificateStore.OwnCertificates.PrivateKeys"
    Type="Package"
    LastWriteTime="133599030415953899" />
  <Object
    Path="C:\projects\SFC\Physical\Config1\X20CP1584\AccessAndSecurity\CertificateStore\ThirdPartyCertificates\Package.pkg"
    LogicalPath="Config1.X20CP1584.AccessAndSecurity.CertificateStore.ThirdPartyCertificates"
    Type="Package"
    LastWriteTime="133599030416017535" />
  <Object
    Path="C:\projects\SFC\Physical\Config1\X20CP1584\AccessAndSecurity\CertificateStore\ThirdPartyCertificates\SoftwareCertificates\Package.pkg"
    LogicalPath="Config1.X20CP1584.AccessAndSecurity.CertificateStore.ThirdPartyCertificates.SoftwareCertificates"
    Type="Package"
    LastWriteTime="133599030416017535" />
  <Object
    Path="C:\projects\SFC\Physical\Config1\X20CP1584\AccessAndSecurity\CertificateStore\CertificateRevocationLists\Package.pkg"
    LogicalPath="Config1.X20CP1584.AccessAndSecurity.CertificateStore.CertificateRevocationLists"
    Type="Package"
    LastWriteTime="133599030416050688" />
  <Object
    Path="C:\projects\SFC\Physical\Config1\X20CP1584\AccessAndSecurity\CertificateStore\CertificateSigningRequests\Package.pkg"
    LogicalPath="Config1.X20CP1584.AccessAndSecurity.CertificateStore.CertificateSigningRequests"
    Type="Package"
    LastWriteTime="133599030416080594" />
  <Object
    Path="C:\projects\SFC\Physical\Config1\X20CP1584\AccessAndSecurity\TransportLayerSecurity\Package.pkg"
    LogicalPath="Config1.X20CP1584.AccessAndSecurity.TransportLayerSecurity"
    Type="Package"
    LastWriteTime="133599030416113712" />
  <Object
    Path="C:\projects\SFC\Physical\Config1\X20CP1584\AccessAndSecurity\Firewall\Package.pkg"
    LogicalPath="Config1.X20CP1584.AccessAndSecurity.Firewall"
    Type="Package"
    LastWriteTime="133599030416172527" />
  <Object
    Path="C:\projects\SFC\Physical\Config1\X20CP1584\AccessAndSecurity\Firewall\Rules.firewallRules"
    LogicalPath="Config1.X20CP1584.AccessAndSecurity.Firewall.Rules.firewallRules"
    Type="File"
    LastWriteTime="133599030416157755"
    Private="false" />
  <Object
    Path="C:\projects\SFC\Physical\Config1\X20CP1584\mappControl\Package.pkg"
    LogicalPath="Config1.X20CP1584.mappControl"
    Type="Package"
    LastWriteTime="133599030416222404" />
  <Object
    Path="C:\projects\SFC\Physical\Config1\X20CP1584\mappMotion\Package.pkg"
    LogicalPath="Config1.X20CP1584.mappMotion"
    Type="Package"
    LastWriteTime="133599030416262268" />
  <Object
    Path="C:\projects\SFC\Physical\Config1\X20CP1584\mappServices\Package.pkg"
    LogicalPath="Config1.X20CP1584.mappServices"
    Type="Package"
    LastWriteTime="133599030416297257" />
  <Object
    Path="C:\projects\SFC\Physical\Config1\X20CP1584\mappSafety\Package.pkg"
    LogicalPath="Config1.X20CP1584.mappSafety"
    Type="Package"
    LastWriteTime="133599030416393066" />
  <Object
    Path="C:\projects\SFC\Physical\Config1\X20CP1584\mappSafety\SafeApplication\Package.pkg"
    LogicalPath="Config1.X20CP1584.mappSafety.SafeApplication"
    Type="Package"
    LastWriteTime="133599030416351840" />
  <Object
    Path="C:\projects\SFC\Physical\Config1\X20CP1584\mappSafety\SafeCommissioning\Package.pkg"
    LogicalPath="Config1.X20CP1584.mappSafety.SafeCommissioning"
    Type="Package"
    LastWriteTime="133599030416383118" />
  <Object
    Path="C:\projects\SFC\Physical\Config1\X20CP1584\mappView\Package.pkg"
    LogicalPath="Config1.X20CP1584.mappView"
    Type="Package"
    LastWriteTime="133599030416811223" />
  <Object
    Path="C:\projects\SFC\Physical\Config1\X20CP1584\mappVision\Package.pkg"
    LogicalPath="Config1.X20CP1584.mappVision"
    Type="Package"
    LastWriteTime="133599030417131262" />
  <Object
    Path="C:\projects\SFC\Physical\Config1\X20CP1584\mappCockpit\Package.pkg"
    LogicalPath="Config1.X20CP1584.mappCockpit"
    Type="Package"
    LastWriteTime="133599030417479370" />
  <Object
    Path="C:\projects\SFC\Physical\Config1\Hardware.jpg"
    LogicalPath="Config1.Hardware.jpg"
    Type="File"
    LastWriteTime="133599056233659195"
    Private="false" />
</Objects>